starting main loop
900-items
0.615405797958374 900
40-items
0.18509364128112793 40
8-items
0.15402436256408691 8
10-items
0.16759037971496582 10
9-items
0.42972755432128906 9
14-items
0.20038938522338867 14
10-items
0.508824348449707 10
19-items
0.05067038536071777 19
5-items
0.05144309997558594 5
6-items
0.06824684143066406 6
5-items
0.0853571891784668 5
6-items
0.048563480377197266 6
6-items
0.023791790008544922 6
3-items
0.021055936813354492 3
7-items
0.03190255165100098 7
4-items
0.02301645278930664 4
2-items
0.08191084861755371 2
3-items
0.09930086135864258 3
5-items
0.16736578941345215 5
6-items
0.14448308944702148 6
7-items
0.06356382369995117 7
4-items
0.22821831703186035 4
6-items
0.4726860523223877 6
9-items
0.6131603717803955 9
5-items
0.028254270553588867 5
3-items
0.009135961532592773 3
4-items
0.053430795669555664 4
3-items
0.023242950439453125 3
7-items
0.08696222305297852 7
6-items
0.042722463607788086 6
5-items
0.03970146179199219 5
7-items
0.02371692657470703 7
3-items
0.03315615653991699 3
3-items
0.06732821464538574 3
6-items
0.02310776710510254 6
10-items
0.12299418449401855 10
3-items
0.043756723403930664 3
4-items
0.04549574851989746 4
3-items
0.060630083084106445 3
9-items
0.06568694114685059 9
6-items
0.0773928165435791 6
10-items
0.22005414962768555 10
11-items
0.11165547370910645 11
11-items
0.2781980037689209 11
18-items
0.14308857917785645 18
5-items
0.04628586769104004 5
5-items
0.03655552864074707 5
4-items
0.03633308410644531 4
3-items
0.06553077697753906 3
9-items
0.03593587875366211 9
2-items
0.05410289764404297 2
7-items
0.13601994514465332 7
3-items
0.03867053985595703 3
4-items
0.030147314071655273 4
4-items
0.06246137619018555 4
7-items
0.056917428970336914 7
3-items
0.02205371856689453 3
7-items
0.01767253875732422 7
6-items
0.1257774829864502 6
5-items
0.0683448314666748 5
11-items
0.1470184326171875 11
18-items
0.6739716529846191 18
15-items
0.04021739959716797 15
4-items
0.019755840301513672 4
5-items
0.027397871017456055 5
5-items
0.05368614196777344 5
6-items
0.062392473220825195 6
3-items
0.009302139282226562 3
3-items
0.07734346389770508 3
2-items
0.028048992156982422 2
3-items
0.021128416061401367 3
1-items
0.04270482063293457 1
2-items
0.01964735984802246 2
4-items
0.022427082061767578 4
4-items
0.026046037673950195 4
5-items
0.12487125396728516 5
3-items
0.3141617774963379 3
13-items
0.04429507255554199 13
2-items
0.18480634689331055 2
6-items
1.2365474700927734 6
18-items
0.2319347858428955 18
7-items
0.04750800132751465 7
2-items
0.02768230438232422 2
3-items
0.03665566444396973 3
4-items
0.016101598739624023 4
2-items
0.04133939743041992 2
6-items
0.06362485885620117 6
4-items
0.0455477237701416 4
3-items
0.02504277229309082 3
3-items
0.028570175170898438 3
1-items
0.018868446350097656 1
4-items
0.16625261306762695 4
5-items
0.24045348167419434 5
6-items
0.2398664951324463 6
9-items
0.40036487579345703 9
8-items
0.049114227294921875 8
8-items
0.07965493202209473 8
6-items
0.0946347713470459 6
12-items
0.023504257202148438 12
2-items
0.044654130935668945 2
6-items
0.044693946838378906 6
11-items
0.32566308975219727 11
14-items
0.06570696830749512 14
11-items
0.06766843795776367 11
9-items
0.03540372848510742 9
5-items
0.034558773040771484 5
6-items
0.011147022247314453 6
4-items
0.020532846450805664 4
7-items
0.04101705551147461 7
6-items
0.06988525390625 6
7-items
0.24100947380065918 7
10-items
0.42711591720581055 10
7-items
0.08269858360290527 7
11-items
0.026836633682250977 11
8-items
0.0240175724029541 8
2-items
0.033417463302612305 2
4-items
0.009928464889526367 4
4-items
0.02164483070373535 4
2-items
0.009538412094116211 2
4-items
0.05603337287902832 4
7-items
0.02888178825378418 7
4-items
0.018985509872436523 4
1-items
0.027342796325683594 1
4-items
0.006661415100097656 4
1-items
0.09155607223510742 1
5-items
0.21659135818481445 5
7-items
0.07493019104003906 7
6-items
0.31429338455200195 6
4-items
0.08850455284118652 4
6-items
0.0700523853302002 6
4-items
0.7446243762969971 4
9-items
0.27064990997314453 9
7-items
0.11312031745910645 7
8-items
0.03301286697387695 8
4-items
0.015591144561767578 4
1-items
0.03591012954711914 1
4-items
0.053545236587524414 4
5-items
0.059871673583984375 5
5-items
0.0063364505767822266 5
4-items
0.057900428771972656 4
4-items
0.04101228713989258 4
3-items
0.04109621047973633 3
6-items
0.04257941246032715 6
2-items
0.022016286849975586 2
3-items
0.020364046096801758 3
1-items
0.011096477508544922 1
6-items
0.03475832939147949 6
2-items
0.12867331504821777 2
9-items
0.03993511199951172 9
3-items
0.05935263633728027 3
5-items
0.16776633262634277 5
6-items
0.46744489669799805 6
7-items
0.1665349006652832 7
10-items
0.03410172462463379 10
2-items
0.005968570709228516 2
6-items
0.030330181121826172 6
4-items
0.032118797302246094 4
7-items
0.02771735191345215 7
3-items
0.026098966598510742 3
4-items
0.0285189151763916 4
6-items
0.0445711612701416 6
5-items
0.029411792755126953 5
5-items
0.0050106048583984375 5
4-items
0.027304410934448242 4
6-items
0.023678064346313477 6
2-items
0.01833033561706543 2
4-items
0.019553661346435547 4
2-items
0.03188681602478027 2
2-items
0.05931687355041504 2
5-items
0.12295246124267578 5
3-items
0.13996505737304688 3
6-items
0.11073589324951172 6
9-items
0.10096621513366699 9
6-items
0.0362238883972168 6
8-items
0.05469560623168945 8
3-items
0.01717233657836914 3
4-items
0.028112173080444336 4
1-items
0.012292623519897461 1
4-items
0.031676530838012695 4
6-items
0.03720569610595703 6
5-items
0.029400348663330078 5
1-items
0.02902078628540039 1
1-items
0.0137939453125 1
6-items
0.04184675216674805 6
5-items
0.09768915176391602 5
5-items
0.09864568710327148 5
4-items
0.5269486904144287 4
15-items
0.1306617259979248 15
2-items
0.061650991439819336 2
8-items
0.10185837745666504 8
8-items
0.0336613655090332 8
2-items
0.01048421859741211 2
2-items
0.035054683685302734 2
1-items
0.01742267608642578 1
1-items
0.021216869354248047 1
5-items
0.06986212730407715 5
5-items
0.07318949699401855 5
3-items
0.11181378364562988 3
3-items
0.09488368034362793 3
2-items
0.5715341567993164 2
18-items
0.05938529968261719 18
5-items
0.15079617500305176 5
9-items
0.13458776473999023 9
8-items
0.14797639846801758 8
8-items
0.12966561317443848 8
4-items
0.038933753967285156 4
4-items
0.01917576789855957 4
3-items
0.014914989471435547 3
7-items
0.03833723068237305 7
11-items
0.13938498497009277 11
6-items
0.07709860801696777 6
5-items
0.11354780197143555 5
4-items
0.058013916015625 4
7-items
0.08953619003295898 7
4-items
0.2371826171875 4
11-items
0.1574862003326416 11
8-items
0.051517486572265625 8
7-items
0.057830810546875 7
7-items
0.03591799736022949 7
5-items
0.023097991943359375 5
6-items
0.043619394302368164 6
6-items
0.02246570587158203 6
2-items
0.08581137657165527 2
5-items
0.020511388778686523 5
6-items
0.02182602882385254 6
2-items
0.032251596450805664 2
4-items
0.03505563735961914 4
4-items
0.036708831787109375 4
3-items
0.02429962158203125 3
2-items
0.008637428283691406 2
4-items
0.01065683364868164 4
5-items
0.11814522743225098 5
7-items
0.30841922760009766 7
11-items
0.509331464767456 11
8-items
0.2633528709411621 8
15-items
0.26676368713378906 15
11-items
0.19757914543151855 11
2-items
0.032451629638671875 2
7-items
0.04394650459289551 7
1-items
0.043298959732055664 1
2-items
0.012853622436523438 2
4-items
0.0757894515991211 4
8-items
0.033518314361572266 8
6-items
0.0061664581298828125 6
5-items
0.04920148849487305 5
3-items
0.015584468841552734 3
3-items
0.019100189208984375 3
6-items
0.042432308197021484 6
6-items
0.037920236587524414 6
4-items
0.035558462142944336 4
2-items
0.061415910720825195 2
7-items
0.31624388694763184 7
14-items
0.1612534523010254 14
11-items
0.3380720615386963 11
6-items
0.1508774757385254 6
5-items
0.04094886779785156 5
3-items
0.05457353591918945 3
3-items
0.009062051773071289 3
4-items
0.14589953422546387 4
6-items
0.04524111747741699 6
8-items
0.09526729583740234 8
3-items
0.00863337516784668 3
3-items
0.012234926223754883 3
5-items
0.018635988235473633 5
5-items
0.047945261001586914 5
8-items
0.027981042861938477 8
10-items
0.4407472610473633 10
6-items
0.285031795501709 6
7-items
0.45271801948547363 7
16-items
0.09105539321899414 16
8-items
0.04501080513000488 8
6-items
0.4570760726928711 6
13-items
0.07138752937316895 13
4-items
0.3100547790527344 4
7-items
0.060700178146362305 7
3-items
0.0487818717956543 3
9-items
0.13384604454040527 9
4-items
0.3868885040283203 4
7-items
1.6061038970947266 7
25-items
0.12662529945373535 25
4-items
0.026462078094482422 4
5-items
0.025964736938476562 5
2-items
0.02100205421447754 2
4-items
0.09554553031921387 4
7-items
0.10078954696655273 7
6-items
0.21765875816345215 6
18-items
0.2237553596496582 18
15-items
0.17480039596557617 15
7-items
0.03653407096862793 7
7-items
0.012253284454345703 7
2-items
0.07339119911193848 2
5-items
0.09077167510986328 5
3-items
0.12930941581726074 3
8-items
0.05388951301574707 8
4-items
0.0453493595123291 4
1-items
0.023328065872192383 1
2-items
0.026190757751464844 2
3-items
0.01453399658203125 3
5-items
0.14918136596679688 5
4-items
0.3131067752838135 4
13-items
0.42517924308776855 13
11-items
0.06117558479309082 11
2-items
0.04292130470275879 2
7-items
0.023346900939941406 7
4-items
0.019257545471191406 4
6-items
0.027938127517700195 6
4-items
0.0345616340637207 4
6-items
0.33888745307922363 6
10-items
0.9345724582672119 10
20-items
0.054772377014160156 20
5-items
0.04690194129943848 5
5-items
0.01780104637145996 5
6-items
0.06771969795227051 6
7-items
0.01687765121459961 7
4-items
0.08906292915344238 4
14-items
0.4084761142730713 14
15-items
1.1737115383148193 15
23-items
0.17470097541809082 23
5-items
0.015070676803588867 5
3-items
0.023961305618286133 3
3-items
0.03218817710876465 3
3-items
0.0078067779541015625 3
5-items
0.016337156295776367 5
2-items
0.014615774154663086 2
6-items
0.046251535415649414 6
5-items
0.03130507469177246 5
7-items
0.14357995986938477 7
5-items
0.0053081512451171875 5
8-items
0.016063690185546875 8
5-items
0.01848292350769043 5
10-items
0.03260612487792969 10
6-items
0.04735684394836426 6
6-items
0.03767728805541992 6
7-items
0.1542956829071045 7
9-items
0.037981510162353516 9
4-items
0.03706502914428711 4
5-items
0.07412195205688477 5
5-items
0.13109183311462402 5
11-items
0.32224202156066895 11
11-items
0.0384831428527832 11
7-items
0.005407094955444336 7
10-items
0.021007776260375977 10
4-items
0.4024667739868164 4
15-items
0.0196688175201416 15
7-items
0.05846595764160156 7
4-items
0.0636758804321289 4
3-items
0.24062395095825195 3
10-items
0.0656290054321289 10
3-items
0.032796621322631836 3
3-items
0.021333694458007812 3
4-items
0.04059934616088867 4
9-items
0.07072114944458008 9
4-items
0.014725208282470703 4
5-items
0.030689001083374023 5
8-items
0.025448083877563477 8
5-items
0.1964101791381836 5
10-items
0.25451159477233887 10
18-items
0.23598790168762207 18
4-items
0.040314435958862305 4
4-items
0.024128437042236328 4
5-items
0.03893709182739258 5
4-items
0.04532957077026367 4
4-items
0.024316787719726562 4
5-items
0.0285799503326416 5
6-items
0.03227829933166504 6
8-items
0.04244494438171387 8
4-items
0.06329154968261719 4
5-items
0.13425111770629883 5
9-items
0.127763032913208 9
5-items
0.04872012138366699 5
4-items
0.19639015197753906 4
5-items
0.0528264045715332 5
9-items
0.03464531898498535 9
3-items
0.07017755508422852 3
5-items
0.0389249324798584 5
5-items
0.033586978912353516 5
4-items
0.014673471450805664 4
5-items
0.015240192413330078 5
2-items
0.3023827075958252 2
13-items
0.14825105667114258 13
10-items
0.449146032333374 10
8-items
0.15316033363342285 8
6-items
0.017600297927856445 6
8-items
0.2492375373840332 8
7-items
0.13556742668151855 7
14-items
0.042678117752075195 14
4-items
0.12584352493286133 4
10-items
0.2310929298400879 10
6-items
0.15837502479553223 6
6-items
0.0910787582397461 6
3-items
0.08994364738464355 3
5-items
0.02339458465576172 5
3-items
0.03763127326965332 3
5-items
0.08111429214477539 5
9-items
0.016437768936157227 9
5-items
0.013338565826416016 5
6-items
0.045709848403930664 6
7-items
0.07038497924804688 7
5-items
0.6583306789398193 5
15-items
0.21959781646728516 15
12-items
0.1054534912109375 12
7-items
0.01409459114074707 7
5-items
0.046582937240600586 5
6-items
0.03782820701599121 6
11-items
0.043315887451171875 11
7-items
0.035083770751953125 7
2-items
0.008378028869628906 2
6-items
0.028417348861694336 6
5-items
0.006146430969238281 5
6-items
0.0844883918762207 6
4-items
0.7641382217407227 4
26-items
0.7441487312316895 26
14-items
0.6663553714752197 14
15-items
0.12036824226379395 15
8-items
0.04744601249694824 8
5-items
0.0921785831451416 5
6-items
0.018973588943481445 6
6-items
0.06727361679077148 6
5-items
0.15332698822021484 5
9-items
0.06478524208068848 9
9-items
0.09070801734924316 9
10-items
0.03354287147521973 10
2-items
0.022078275680541992 2
8-items
0.03093743324279785 8
2-items
0.049091339111328125 2
4-items
0.027605533599853516 4
6-items
0.04155135154724121 6
7-items
0.022967100143432617 7
5-items
0.1826004981994629 5
6-items
0.16005659103393555 6
6-items
0.37178683280944824 6
15-items
0.2844681739807129 15
7-items
0.09784173965454102 7
6-items
0.1407008171081543 6
8-items
0.0769338607788086 8
4-items
0.025078535079956055 4
6-items
0.052910566329956055 6
9-items
0.03631591796875 9
2-items
0.022738933563232422 2
4-items
0.04758024215698242 4
4-items
0.06191229820251465 4
6-items
0.03658342361450195 6
5-items
0.042742013931274414 5
4-items
0.013851404190063477 4
4-items
0.08745670318603516 4
5-items
0.12027668952941895 5
7-items
0.21778321266174316 7
12-items
0.29262566566467285 12
12-items
0.3319816589355469 12
12-items
0.012626886367797852 12
3-items
0.2615666389465332 3
9-items
0.0719764232635498 9
4-items
0.17503809928894043 4
9-items
0.04825401306152344 9
10-items
0.017671823501586914 10
4-items
0.036043405532836914 4
8-items
0.10236024856567383 8
3-items
0.2500731945037842 3
6-items
0.7050199508666992 6
23-items
0.08165216445922852 23
5-items
0.03600311279296875 5
5-items
0.13216280937194824 5
4-items
0.16024541854858398 4
11-items
0.03871273994445801 11
2-items
0.01342916488647461 2
1-items
0.029232501983642578 1
5-items
0.03139472007751465 5
3-items
